<?xml version="1.0" encoding="UTF-8"?>
<!-- Generated by org.testng.reporters.JUnitXMLReporter -->
<testsuite ignored="1" hostname="DESKTOP-KV35ATA" failures="4" tests="11" name="Test" time="34.637" errors="0" timestamp="2022-10-20T14:53:14 IST">
  <testcase classname="Test_Demo.Test_3" name="Test_001" time="0.013"/>
  <testcase classname="Test_Demo.Test_3" name="Test_002" time="0.002"/>
  <testcase classname="Test_Demo.Test_3" name="Test_003" time="0.004"/>
  <testcase classname="Test_Demo.Test_5" name="test_005" time="0.003"/>
  <testcase classname="Test_Demo.Test_2" name="Test_001" time="0.002"/>
  <testcase classname="Test_Demo.Test_2" name="Test_002" time="0.013"/>
  <testcase classname="Test_Demo.Test_001" name="test_003_C" time="0.011">
    <failure type="java.lang.AssertionError" message="expected [true] but found [false]">
      <![CDATA[java.lang.AssertionError: expected [true] but found [false]
at Test_Demo.Test_001.test_003_C(Test_001.java:30)
at java.base/java.util.ArrayList.forEach(ArrayList.java:1511)
... Removed 29 stack frames]]>
    </failure>
  </testcase> <!-- test_003_C -->
  <testcase classname="Test_Demo.Test_001" name="test_003_C" time="0.001">
    <failure type="java.lang.AssertionError" message="expected [true] but found [false]">
      <![CDATA[java.lang.AssertionError: expected [true] but found [false]
at Test_Demo.Test_001.test_003_C(Test_001.java:30)
at java.base/java.util.ArrayList.forEach(ArrayList.java:1511)
... Removed 29 stack frames]]>
    </failure>
  </testcase> <!-- test_003_C -->
  <testcase classname="Test_Demo.Test_001" name="test_003_C" time="0.001">
    <failure type="java.lang.AssertionError" message="expected [true] but found [false]">
      <![CDATA[java.lang.AssertionError: expected [true] but found [false]
at Test_Demo.Test_001.test_003_C(Test_001.java:30)
at java.base/java.util.ArrayList.forEach(ArrayList.java:1511)
... Removed 29 stack frames]]>
    </failure>
  </testcase> <!-- test_003_C -->
  <testcase classname="Test_Demo.Test_001" name="test_003_C" time="0.002">
    <failure type="java.lang.AssertionError" message="expected [true] but found [false]">
      <![CDATA[java.lang.AssertionError: expected [true] but found [false]
at Test_Demo.Test_001.test_003_C(Test_001.java:30)
at java.base/java.util.ArrayList.forEach(ArrayList.java:1511)
... Removed 29 stack frames]]>
    </failure>
  </testcase> <!-- test_003_C -->
  <testcase classname="Test_Demo.Test_001" name="test_001_A" time="0.002"/>
  <testcase classname="Test_Demo.Test_001" name="test_002_B" time="0.0">
    <ignored/>
  </testcase> <!-- test_002_B -->
</testsuite> <!-- Test -->
