<?xml version="1.0" encoding="UTF-8"?>
<!-- Generated by org.testng.reporters.JUnitXMLReporter -->
<testsuite ignored="2" hostname="DESKTOP-KV35ATA" failures="0" tests="1" name="Test_chrome" time="24.266" errors="0" timestamp="2022-11-11T14:22:12 IST">
  <testcase classname="Test_2.Test_001" name="Test_12" time="0.02"/>
  <testcase classname="Test_2.Test_001" name="Test_11" time="0.0">
    <ignored/>
  </testcase> <!-- Test_11 -->
  <testcase classname="Test_2.Test_001" name="Test_13" time="0.0">
    <ignored/>
  </testcase> <!-- Test_13 -->
</testsuite> <!-- Test_chrome -->
